<?xml version="1.0" ?>
<coverage version="7.13.5" timestamp="1774403274203" lines-valid="85" lines-covered="22" line-rate="0.2588" branches-covered="0" branches-valid="0" branch-rate="0" complexity="0">
	<!-- Generated by coverage.py: https://coverage.readthedocs.io/en/7.13.5 -->
	<!-- Based on https://raw.githubusercontent.com/cobertura/web/master/htdocs/xml/coverage-04.dtd -->
	<sources>
		<source>C:\Users\Athar\Downloads\Wardline</source>
	</sources>
	<packages>
		<package name="apps.voice-orchestrator-pipecat.tests.integration" line-rate="0.2588" branch-rate="0" complexity="0">
			<classes>
				<class name="test_gather_voice_e2e.py" filename="apps/voice-orchestrator-pipecat/tests/integration/test_gather_voice_e2e.py" complexity="0" line-rate="0.2588" branch-rate="0">
					<methods/>
					<lines>
						<line number="10" hits="1"/>
						<line number="12" hits="1"/>
						<line number="13" hits="1"/>
						<line number="14" hits="1"/>
						<line number="16" hits="1"/>
						<line number="17" hits="1"/>
						<line number="20" hits="1"/>
						<line number="21" hits="0"/>
						<line number="22" hits="0"/>
						<line number="23" hits="0"/>
						<line number="24" hits="0"/>
						<line number="25" hits="0"/>
						<line number="26" hits="0"/>
						<line number="27" hits="0"/>
						<line number="28" hits="0"/>
						<line number="29" hits="0"/>
						<line number="30" hits="0"/>
						<line number="32" hits="0"/>
						<line number="33" hits="0"/>
						<line number="35" hits="0"/>
						<line number="36" hits="0"/>
						<line number="37" hits="0"/>
						<line number="38" hits="0"/>
						<line number="41" hits="1"/>
						<line number="42" hits="0"/>
						<line number="53" hits="1"/>
						<line number="54" hits="0"/>
						<line number="65" hits="1"/>
						<line number="66" hits="1"/>
						<line number="67" hits="0"/>
						<line number="69" hits="0"/>
						<line number="82" hits="0"/>
						<line number="95" hits="0"/>
						<line number="101" hits="0"/>
						<line number="102" hits="0"/>
						<line number="103" hits="0"/>
						<line number="104" hits="0"/>
						<line number="111" hits="0"/>
						<line number="113" hits="0"/>
						<line number="115" hits="0"/>
						<line number="116" hits="0"/>
						<line number="119" hits="1"/>
						<line number="120" hits="1"/>
						<line number="121" hits="0"/>
						<line number="122" hits="0"/>
						<line number="125" hits="1"/>
						<line number="126" hits="1"/>
						<line number="127" hits="1"/>
						<line number="128" hits="0"/>
						<line number="137" hits="0"/>
						<line number="138" hits="0"/>
						<line number="139" hits="0"/>
						<line number="140" hits="0"/>
						<line number="142" hits="1"/>
						<line number="143" hits="1"/>
						<line number="144" hits="0"/>
						<line number="153" hits="0"/>
						<line number="162" hits="0"/>
						<line number="163" hits="0"/>
						<line number="164" hits="0"/>
						<line number="165" hits="0"/>
						<line number="167" hits="1"/>
						<line number="168" hits="1"/>
						<line number="169" hits="0"/>
						<line number="183" hits="0"/>
						<line number="192" hits="0"/>
						<line number="201" hits="0"/>
						<line number="202" hits="0"/>
						<line number="203" hits="0"/>
						<line number="205" hits="1"/>
						<line number="206" hits="1"/>
						<line number="207" hits="0"/>
						<line number="216" hits="0"/>
						<line number="217" hits="0"/>
						<line number="218" hits="0"/>
						<line number="219" hits="0"/>
						<line number="220" hits="0"/>
						<line number="231" hits="0"/>
						<line number="240" hits="0"/>
						<line number="241" hits="0"/>
						<line number="242" hits="0"/>
						<line number="243" hits="0"/>
						<line number="244" hits="0"/>
						<line number="245" hits="0"/>
						<line number="246" hits="0"/>
					</lines>
				</class>
			</classes>
		</package>
	</packages>
</coverage>
